app/build/intermediates/manifest_merge_blame_file/debug/processDebugMainManifest/manifest-merger-blame-debug-report.txt
1<?xml version="1.0" encoding="utf-8"?>
2<manifest xmlns:android="http://schemas.android.com/apk/res/android"
3    package="com.oppositeint.apexplayoptimizer"
4    android:versionCode="5"
5    android:versionName="1.0.2" >
6
7    <uses-sdk
8        android:minSdkVersion="24"
9        android:targetSdkVersion="35" />
10
11    <uses-permission android:name="android.permission.INTERNET" />
11-->src\main\AndroidManifest.xml:3:5-67
11-->src\main\AndroidManifest.xml:3:22-64
12    <uses-permission android:name="android.permission.ACCESS_NETWORK_STATE" />
12-->src\main\AndroidManifest.xml:4:5-79
12-->src\main\AndroidManifest.xml:4:22-76
13    <uses-permission android:name="android.permission.KILL_BACKGROUND_PROCESSES" />
13-->src\main\AndroidManifest.xml:5:5-84
13-->src\main\AndroidManifest.xml:5:22-81
14    <uses-permission android:name="android.permission.WAKE_LOCK" />
14-->src\main\AndroidManifest.xml:6:5-68
14-->src\main\AndroidManifest.xml:6:22-65
15    <uses-permission android:name="android.permission.ACCESS_NOTIFICATION_POLICY" />
15-->src\main\AndroidManifest.xml:7:5-85
15-->src\main\AndroidManifest.xml:7:22-82
16    <uses-permission android:name="com.google.android.gms.permission.AD_ID" />
16-->src\main\AndroidManifest.xml:8:5-79
16-->src\main\AndroidManifest.xml:8:22-76
17    <uses-permission android:name="android.permission.ACCESS_ADSERVICES_AD_ID" />
17-->[com.google.android.gms:play-services-ads-lite:23.6.0] AndroidManifest.xml:27:5-82
17-->[com.google.android.gms:play-services-ads-lite:23.6.0] AndroidManifest.xml:27:22-79
18    <uses-permission android:name="android.permission.ACCESS_ADSERVICES_ATTRIBUTION" />
18-->[com.google.android.gms:play-services-ads-lite:23.6.0] AndroidManifest.xml:28:5-88
18-->[com.google.android.gms:play-services-ads-lite:23.6.0] AndroidManifest.xml:28:22-85
19    <uses-permission android:name="android.permission.ACCESS_ADSERVICES_TOPICS" /> <!-- Android package visibility setting -->
19-->[com.google.android.gms:play-services-ads-lite:23.6.0] AndroidManifest.xml:29:5-83
19-->[com.google.android.gms:play-services-ads-lite:23.6.0] AndroidManifest.xml:29:22-80
20    <queries>
20-->[com.google.android.gms:play-services-ads-lite:23.6.0] AndroidManifest.xml:35:5-68:15
21
22        <!-- For browser content -->
23        <intent>
23-->[com.google.android.gms:play-services-ads-lite:23.6.0] AndroidManifest.xml:38:9-44:18
24            <action android:name="android.intent.action.VIEW" />
24-->[com.google.android.gms:play-services-ads-lite:23.6.0] AndroidManifest.xml:39:13-65
24-->[com.google.android.gms:play-services-ads-lite:23.6.0] AndroidManifest.xml:39:21-62
25
26            <category android:name="android.intent.category.BROWSABLE" />
26-->[com.google.android.gms:play-services-ads-lite:23.6.0] AndroidManifest.xml:41:13-74
26-->[com.google.android.gms:play-services-ads-lite:23.6.0] AndroidManifest.xml:41:23-71
27
28            <data android:scheme="https" />
28-->[com.google.android.gms:play-services-ads-lite:23.6.0] AndroidManifest.xml:43:13-44
28-->[com.google.android.gms:play-services-ads-lite:23.6.0] AndroidManifest.xml:43:19-41
29        </intent>
30        <!-- End of browser content -->
31        <!-- For CustomTabsService -->
32        <intent>
32-->[com.google.android.gms:play-services-ads-lite:23.6.0] AndroidManifest.xml:47:9-49:18
33            <action android:name="android.support.customtabs.action.CustomTabsService" />
33-->[com.google.android.gms:play-services-ads-lite:23.6.0] AndroidManifest.xml:48:13-90
33-->[com.google.android.gms:play-services-ads-lite:23.6.0] AndroidManifest.xml:48:21-87
34        </intent>
35        <!-- End of CustomTabsService -->
36        <!-- For MRAID capabilities -->
37        <intent>
37-->[com.google.android.gms:play-services-ads-lite:23.6.0] AndroidManifest.xml:52:9-56:18
38            <action android:name="android.intent.action.INSERT" />
38-->[com.google.android.gms:play-services-ads-lite:23.6.0] AndroidManifest.xml:53:13-67
38-->[com.google.android.gms:play-services-ads-lite:23.6.0] AndroidManifest.xml:53:21-64
39
40            <data android:mimeType="vnd.android.cursor.dir/event" />
40-->[com.google.android.gms:play-services-ads-lite:23.6.0] AndroidManifest.xml:43:13-44
41        </intent>
42        <intent>
42-->[com.google.android.gms:play-services-ads-lite:23.6.0] AndroidManifest.xml:57:9-61:18
43            <action android:name="android.intent.action.VIEW" />
43-->[com.google.android.gms:play-services-ads-lite:23.6.0] AndroidManifest.xml:39:13-65
43-->[com.google.android.gms:play-services-ads-lite:23.6.0] AndroidManifest.xml:39:21-62
44
45            <data android:scheme="sms" />
45-->[com.google.android.gms:play-services-ads-lite:23.6.0] AndroidManifest.xml:43:13-44
45-->[com.google.android.gms:play-services-ads-lite:23.6.0] AndroidManifest.xml:43:19-41
46        </intent>
47        <intent>
47-->[com.google.android.gms:play-services-ads-lite:23.6.0] AndroidManifest.xml:62:9-66:18
48            <action android:name="android.intent.action.DIAL" />
48-->[com.google.android.gms:play-services-ads-lite:23.6.0] AndroidManifest.xml:63:13-65
48-->[com.google.android.gms:play-services-ads-lite:23.6.0] AndroidManifest.xml:63:21-62
49
50            <data android:path="tel:" />
50-->[com.google.android.gms:play-services-ads-lite:23.6.0] AndroidManifest.xml:43:13-44
51        </intent>
52        <!-- End of MRAID capabilities -->
53        <intent>
53-->[com.android.billingclient:billing:7.0.0] AndroidManifest.xml:13:9-15:18
54            <action android:name="com.android.vending.billing.InAppBillingService.BIND" />
54-->[com.android.billingclient:billing:7.0.0] AndroidManifest.xml:14:13-91
54-->[com.android.billingclient:billing:7.0.0] AndroidManifest.xml:14:21-88
55        </intent>
56    </queries>
57
58    <uses-permission android:name="com.android.vending.BILLING" />
58-->[com.android.billingclient:billing-ktx:7.0.0] AndroidManifest.xml:9:5-67
58-->[com.android.billingclient:billing-ktx:7.0.0] AndroidManifest.xml:9:22-64
59    <uses-permission android:name="android.permission.FOREGROUND_SERVICE" />
59-->[androidx.work:work-runtime:2.7.0] AndroidManifest.xml:28:5-77
59-->[androidx.work:work-runtime:2.7.0] AndroidManifest.xml:28:22-74
60
61    <permission
61-->[androidx.core:core:1.13.1] AndroidManifest.xml:22:5-24:47
62        android:name="com.oppositeint.apexplayoptimizer.DYNAMIC_RECEIVER_NOT_EXPORTED_PERMISSION"
62-->[androidx.core:core:1.13.1] AndroidManifest.xml:23:9-81
63        android:protectionLevel="signature" />
63-->[androidx.core:core:1.13.1] AndroidManifest.xml:24:9-44
64
65    <uses-permission android:name="com.oppositeint.apexplayoptimizer.DYNAMIC_RECEIVER_NOT_EXPORTED_PERMISSION" />
65-->[androidx.core:core:1.13.1] AndroidManifest.xml:26:5-97
65-->[androidx.core:core:1.13.1] AndroidManifest.xml:26:22-94
66
67    <application
67-->src\main\AndroidManifest.xml:9:5-31:19
68        android:name="com.apexplayoptimizer.app.ApexPlayApplication"
68-->src\main\AndroidManifest.xml:10:9-44
69        android:allowBackup="true"
69-->src\main\AndroidManifest.xml:11:9-35
70        android:appComponentFactory="androidx.core.app.CoreComponentFactory"
70-->[androidx.core:core:1.13.1] AndroidManifest.xml:28:18-86
71        android:debuggable="true"
72        android:extractNativeLibs="false"
73        android:icon="@mipmap/ic_launcher"
73-->src\main\AndroidManifest.xml:12:9-43
74        android:label="@string/app_name"
74-->src\main\AndroidManifest.xml:14:9-41
75        android:roundIcon="@mipmap/ic_launcher_round"
75-->src\main\AndroidManifest.xml:13:9-54
76        android:supportsRtl="true"
76-->src\main\AndroidManifest.xml:15:9-35
77        android:theme="@style/Theme.ApexPlayOptimizer" >
77-->src\main\AndroidManifest.xml:16:9-55
78        <meta-data
78-->src\main\AndroidManifest.xml:17:9-19:70
79            android:name="com.google.android.gms.ads.APPLICATION_ID"
79-->src\main\AndroidManifest.xml:18:13-69
80            android:value="ca-app-pub-3863350102940366~9896292652" />
80-->src\main\AndroidManifest.xml:19:13-67
81
82        <activity
82-->src\main\AndroidManifest.xml:20:9-30:20
83            android:name="com.apexplayoptimizer.app.MainActivity"
83-->src\main\AndroidManifest.xml:21:13-41
84            android:exported="true"
84-->src\main\AndroidManifest.xml:22:13-36
85            android:label="@string/app_name"
85-->src\main\AndroidManifest.xml:23:13-45
86            android:theme="@style/Theme.ApexPlayOptimizer"
86-->src\main\AndroidManifest.xml:24:13-59
87            android:windowSoftInputMode="adjustResize" >
87-->src\main\AndroidManifest.xml:25:13-55
88            <intent-filter>
88-->src\main\AndroidManifest.xml:26:13-29:29
89                <action android:name="android.intent.action.MAIN" />
89-->src\main\AndroidManifest.xml:27:17-69
89-->src\main\AndroidManifest.xml:27:25-66
90
91                <category android:name="android.intent.category.LAUNCHER" />
91-->src\main\AndroidManifest.xml:28:17-77
91-->src\main\AndroidManifest.xml:28:27-74
92            </intent-filter>
93        </activity>
94        <!-- Include the AdActivity and InAppPurchaseActivity configChanges and themes. -->
95        <activity
95-->[com.google.android.gms:play-services-ads-lite:23.6.0] AndroidManifest.xml:73:9-78:43
96            android:name="com.google.android.gms.ads.AdActivity"
96-->[com.google.android.gms:play-services-ads-lite:23.6.0] AndroidManifest.xml:74:13-65
97            android:configChanges="keyboard|keyboardHidden|orientation|screenLayout|uiMode|screenSize|smallestScreenSize"
97-->[com.google.android.gms:play-services-ads-lite:23.6.0] AndroidManifest.xml:75:13-122
98            android:exported="false"
98-->[com.google.android.gms:play-services-ads-lite:23.6.0] AndroidManifest.xml:76:13-37
99            android:theme="@android:style/Theme.Translucent" />
99-->[com.google.android.gms:play-services-ads-lite:23.6.0] AndroidManifest.xml:77:13-61
100
101        <provider
101-->[com.google.android.gms:play-services-ads-lite:23.6.0] AndroidManifest.xml:80:9-85:43
102            android:name="com.google.android.gms.ads.MobileAdsInitProvider"
102-->[com.google.android.gms:play-services-ads-lite:23.6.0] AndroidManifest.xml:81:13-76
103            android:authorities="com.oppositeint.apexplayoptimizer.mobileadsinitprovider"
103-->[com.google.android.gms:play-services-ads-lite:23.6.0] AndroidManifest.xml:82:13-73
104            android:exported="false"
104-->[com.google.android.gms:play-services-ads-lite:23.6.0] AndroidManifest.xml:83:13-37
105            android:initOrder="100" />
105-->[com.google.android.gms:play-services-ads-lite:23.6.0] AndroidManifest.xml:84:13-36
106
107        <service
107-->[com.google.android.gms:play-services-ads-lite:23.6.0] AndroidManifest.xml:87:9-91:43
108            android:name="com.google.android.gms.ads.AdService"
108-->[com.google.android.gms:play-services-ads-lite:23.6.0] AndroidManifest.xml:88:13-64
109            android:enabled="true"
109-->[com.google.android.gms:play-services-ads-lite:23.6.0] AndroidManifest.xml:89:13-35
110            android:exported="false" />
110-->[com.google.android.gms:play-services-ads-lite:23.6.0] AndroidManifest.xml:90:13-37
111
112        <activity
112-->[com.google.android.gms:play-services-ads-lite:23.6.0] AndroidManifest.xml:93:9-97:43
113            android:name="com.google.android.gms.ads.OutOfContextTestingActivity"
113-->[com.google.android.gms:play-services-ads-lite:23.6.0] AndroidManifest.xml:94:13-82
114            android:configChanges="keyboard|keyboardHidden|orientation|screenLayout|uiMode|screenSize|smallestScreenSize"
114-->[com.google.android.gms:play-services-ads-lite:23.6.0] AndroidManifest.xml:95:13-122
115            android:exported="false" />
115-->[com.google.android.gms:play-services-ads-lite:23.6.0] AndroidManifest.xml:96:13-37
116        <activity
116-->[com.google.android.gms:play-services-ads-lite:23.6.0] AndroidManifest.xml:98:9-105:43
117            android:name="com.google.android.gms.ads.NotificationHandlerActivity"
117-->[com.google.android.gms:play-services-ads-lite:23.6.0] AndroidManifest.xml:99:13-82
118            android:excludeFromRecents="true"
118-->[com.google.android.gms:play-services-ads-lite:23.6.0] AndroidManifest.xml:100:13-46
119            android:exported="false"
119-->[com.google.android.gms:play-services-ads-lite:23.6.0] AndroidManifest.xml:101:13-37
120            android:launchMode="singleTask"
120-->[com.google.android.gms:play-services-ads-lite:23.6.0] AndroidManifest.xml:102:13-44
121            android:taskAffinity=""
121-->[com.google.android.gms:play-services-ads-lite:23.6.0] AndroidManifest.xml:103:13-36
122            android:theme="@android:style/Theme.Translucent.NoTitleBar" />
122-->[com.google.android.gms:play-services-ads-lite:23.6.0] AndroidManifest.xml:104:13-72
123
124        <property
124-->[com.google.android.gms:play-services-ads-lite:23.6.0] AndroidManifest.xml:107:9-109:62
125            android:name="android.adservices.AD_SERVICES_CONFIG"
125-->[com.google.android.gms:play-services-ads-lite:23.6.0] AndroidManifest.xml:108:13-65
126            android:resource="@xml/gma_ad_services_config" />
126-->[com.google.android.gms:play-services-ads-lite:23.6.0] AndroidManifest.xml:109:13-59
127
128        <meta-data
128-->[com.android.billingclient:billing:7.0.0] AndroidManifest.xml:19:9-21:37
129            android:name="com.google.android.play.billingclient.version"
129-->[com.android.billingclient:billing:7.0.0] AndroidManifest.xml:20:13-73
130            android:value="7.0.0" />
130-->[com.android.billingclient:billing:7.0.0] AndroidManifest.xml:21:13-34
131
132        <activity
132-->[com.android.billingclient:billing:7.0.0] AndroidManifest.xml:23:9-27:75
133            android:name="com.android.billingclient.api.ProxyBillingActivity"
133-->[com.android.billingclient:billing:7.0.0] AndroidManifest.xml:24:13-78
134            android:configChanges="keyboard|keyboardHidden|screenLayout|screenSize|orientation"
134-->[com.android.billingclient:billing:7.0.0] AndroidManifest.xml:25:13-96
135            android:exported="false"
135-->[com.android.billingclient:billing:7.0.0] AndroidManifest.xml:26:13-37
136            android:theme="@android:style/Theme.Translucent.NoTitleBar" />
136-->[com.android.billingclient:billing:7.0.0] AndroidManifest.xml:27:13-72
137        <activity
137-->[com.android.billingclient:billing:7.0.0] AndroidManifest.xml:28:9-32:75
138            android:name="com.android.billingclient.api.ProxyBillingActivityV2"
138-->[com.android.billingclient:billing:7.0.0] AndroidManifest.xml:29:13-80
139            android:configChanges="keyboard|keyboardHidden|screenLayout|screenSize|orientation"
139-->[com.android.billingclient:billing:7.0.0] AndroidManifest.xml:30:13-96
140            android:exported="false"
140-->[com.android.billingclient:billing:7.0.0] AndroidManifest.xml:31:13-37
141            android:theme="@android:style/Theme.Translucent.NoTitleBar" />
141-->[com.android.billingclient:billing:7.0.0] AndroidManifest.xml:32:13-72
142        <activity
142-->[com.google.android.gms:play-services-base:18.3.0] AndroidManifest.xml:20:9-22:45
143            android:name="com.google.android.gms.common.api.GoogleApiActivity"
143-->[com.google.android.gms:play-services-base:18.3.0] AndroidManifest.xml:20:19-85
144            android:exported="false"
144-->[com.google.android.gms:play-services-base:18.3.0] AndroidManifest.xml:22:19-43
145            android:theme="@android:style/Theme.Translucent.NoTitleBar" />
145-->[com.google.android.gms:play-services-base:18.3.0] AndroidManifest.xml:21:19-78
146
147        <meta-data
147-->[com.google.android.gms:play-services-basement:18.4.0] AndroidManifest.xml:6:9-122
148            android:name="com.google.android.gms.version"
148-->[com.google.android.gms:play-services-basement:18.4.0] AndroidManifest.xml:6:20-65
149            android:value="@integer/google_play_services_version" />
149-->[com.google.android.gms:play-services-basement:18.4.0] AndroidManifest.xml:6:66-119
150
151        <activity
151-->[androidx.compose.ui:ui-test-manifest:1.6.7] AndroidManifest.xml:23:9-25:39
152            android:name="androidx.activity.ComponentActivity"
152-->[androidx.compose.ui:ui-test-manifest:1.6.7] AndroidManifest.xml:24:13-63
153            android:exported="true" />
153-->[androidx.compose.ui:ui-test-manifest:1.6.7] AndroidManifest.xml:25:13-36
154        <activity
154-->[androidx.compose.ui:ui-tooling-android:1.6.7] AndroidManifest.xml:23:9-25:39
155            android:name="androidx.compose.ui.tooling.PreviewActivity"
155-->[androidx.compose.ui:ui-tooling-android:1.6.7] AndroidManifest.xml:24:13-71
156            android:exported="true" />
156-->[androidx.compose.ui:ui-tooling-android:1.6.7] AndroidManifest.xml:25:13-36
157
158        <provider
158-->[androidx.work:work-runtime:2.7.0] AndroidManifest.xml:31:9-39:20
159            android:name="androidx.startup.InitializationProvider"
159-->[androidx.work:work-runtime:2.7.0] AndroidManifest.xml:32:13-67
160            android:authorities="com.oppositeint.apexplayoptimizer.androidx-startup"
160-->[androidx.work:work-runtime:2.7.0] AndroidManifest.xml:33:13-68
161            android:exported="false" >
161-->[androidx.work:work-runtime:2.7.0] AndroidManifest.xml:34:13-37
162            <meta-data
162-->[androidx.work:work-runtime:2.7.0] AndroidManifest.xml:36:13-38:52
163                android:name="androidx.work.WorkManagerInitializer"
163-->[androidx.work:work-runtime:2.7.0] AndroidManifest.xml:37:17-68
164                android:value="androidx.startup" />
164-->[androidx.work:work-runtime:2.7.0] AndroidManifest.xml:38:17-49
165            <meta-data
165-->[androidx.emoji2:emoji2:1.3.0] AndroidManifest.xml:29:13-31:52
166                android:name="androidx.emoji2.text.EmojiCompatInitializer"
166-->[androidx.emoji2:emoji2:1.3.0] AndroidManifest.xml:30:17-75
167                android:value="androidx.startup" />
167-->[androidx.emoji2:emoji2:1.3.0] AndroidManifest.xml:31:17-49
168            <meta-data
168-->[androidx.lifecycle:lifecycle-process:2.7.0] AndroidManifest.xml:29:13-31:52
169                android:name="androidx.lifecycle.ProcessLifecycleInitializer"
169-->[androidx.lifecycle:lifecycle-process:2.7.0] AndroidManifest.xml:30:17-78
170                android:value="androidx.startup" />
170-->[androidx.lifecycle:lifecycle-process:2.7.0] AndroidManifest.xml:31:17-49
171            <meta-data
171-->[androidx.profileinstaller:profileinstaller:1.3.1] AndroidManifest.xml:29:13-31:52
172                android:name="androidx.profileinstaller.ProfileInstallerInitializer"
172-->[androidx.profileinstaller:profileinstaller:1.3.1] AndroidManifest.xml:30:17-85
173                android:value="androidx.startup" />
173-->[androidx.profileinstaller:profileinstaller:1.3.1] AndroidManifest.xml:31:17-49
174        </provider>
175
176        <service
176-->[androidx.work:work-runtime:2.7.0] AndroidManifest.xml:41:9-46:35
177            android:name="androidx.work.impl.background.systemalarm.SystemAlarmService"
177-->[androidx.work:work-runtime:2.7.0] AndroidManifest.xml:42:13-88
178            android:directBootAware="false"
178-->[androidx.work:work-runtime:2.7.0] AndroidManifest.xml:43:13-44
179            android:enabled="@bool/enable_system_alarm_service_default"
179-->[androidx.work:work-runtime:2.7.0] AndroidManifest.xml:44:13-72
180            android:exported="false" />
180-->[androidx.work:work-runtime:2.7.0] AndroidManifest.xml:45:13-37
181        <service
181-->[androidx.work:work-runtime:2.7.0] AndroidManifest.xml:47:9-53:35
182            android:name="androidx.work.impl.background.systemjob.SystemJobService"
182-->[androidx.work:work-runtime:2.7.0] AndroidManifest.xml:48:13-84
183            android:directBootAware="false"
183-->[androidx.work:work-runtime:2.7.0] AndroidManifest.xml:49:13-44
184            android:enabled="@bool/enable_system_job_service_default"
184-->[androidx.work:work-runtime:2.7.0] AndroidManifest.xml:50:13-70
185            android:exported="true"
185-->[androidx.work:work-runtime:2.7.0] AndroidManifest.xml:51:13-36
186            android:permission="android.permission.BIND_JOB_SERVICE" />
186-->[androidx.work:work-runtime:2.7.0] AndroidManifest.xml:52:13-69
187        <service
187-->[androidx.work:work-runtime:2.7.0] AndroidManifest.xml:54:9-59:35
188            android:name="androidx.work.impl.foreground.SystemForegroundService"
188-->[androidx.work:work-runtime:2.7.0] AndroidManifest.xml:55:13-81
189            android:directBootAware="false"
189-->[androidx.work:work-runtime:2.7.0] AndroidManifest.xml:56:13-44
190            android:enabled="@bool/enable_system_foreground_service_default"
190-->[androidx.work:work-runtime:2.7.0] AndroidManifest.xml:57:13-77
191            android:exported="false" />
191-->[androidx.work:work-runtime:2.7.0] AndroidManifest.xml:58:13-37
192
193        <receiver
193-->[androidx.work:work-runtime:2.7.0] AndroidManifest.xml:61:9-66:35
194            android:name="androidx.work.impl.utils.ForceStopRunnable$BroadcastReceiver"
194-->[androidx.work:work-runtime:2.7.0] AndroidManifest.xml:62:13-88
195            android:directBootAware="false"
195-->[androidx.work:work-runtime:2.7.0] AndroidManifest.xml:63:13-44
196            android:enabled="true"
196-->[androidx.work:work-runtime:2.7.0] AndroidManifest.xml:64:13-35
197            android:exported="false" />
197-->[androidx.work:work-runtime:2.7.0] AndroidManifest.xml:65:13-37
198        <receiver
198-->[androidx.work:work-runtime:2.7.0] AndroidManifest.xml:67:9-77:20
199            android:name="androidx.work.impl.background.systemalarm.ConstraintProxy$BatteryChargingProxy"
199-->[androidx.work:work-runtime:2.7.0] AndroidManifest.xml:68:13-106
200            android:directBootAware="false"
200-->[androidx.work:work-runtime:2.7.0] AndroidManifest.xml:69:13-44
201            android:enabled="false"
201-->[androidx.work:work-runtime:2.7.0] AndroidManifest.xml:70:13-36
202            android:exported="false" >
202-->[androidx.work:work-runtime:2.7.0] AndroidManifest.xml:71:13-37
203            <intent-filter>
203-->[androidx.work:work-runtime:2.7.0] AndroidManifest.xml:73:13-76:29
204                <action android:name="android.intent.action.ACTION_POWER_CONNECTED" />
204-->[androidx.work:work-runtime:2.7.0] AndroidManifest.xml:74:17-87
204-->[androidx.work:work-runtime:2.7.0] AndroidManifest.xml:74:25-84
205                <action android:name="android.intent.action.ACTION_POWER_DISCONNECTED" />
205-->[androidx.work:work-runtime:2.7.0] AndroidManifest.xml:75:17-90
205-->[androidx.work:work-runtime:2.7.0] AndroidManifest.xml:75:25-87
206            </intent-filter>
207        </receiver>
208        <receiver
208-->[androidx.work:work-runtime:2.7.0] AndroidManifest.xml:78:9-88:20
209            android:name="androidx.work.impl.background.systemalarm.ConstraintProxy$BatteryNotLowProxy"
209-->[androidx.work:work-runtime:2.7.0] AndroidManifest.xml:79:13-104
210            android:directBootAware="false"
210-->[androidx.work:work-runtime:2.7.0] AndroidManifest.xml:80:13-44
211            android:enabled="false"
211-->[androidx.work:work-runtime:2.7.0] AndroidManifest.xml:81:13-36
212            android:exported="false" >
212-->[androidx.work:work-runtime:2.7.0] AndroidManifest.xml:82:13-37
213            <intent-filter>
213-->[androidx.work:work-runtime:2.7.0] AndroidManifest.xml:84:13-87:29
214                <action android:name="android.intent.action.BATTERY_OKAY" />
214-->[androidx.work:work-runtime:2.7.0] AndroidManifest.xml:85:17-77
214-->[androidx.work:work-runtime:2.7.0] AndroidManifest.xml:85:25-74
215                <action android:name="android.intent.action.BATTERY_LOW" />
215-->[androidx.work:work-runtime:2.7.0] AndroidManifest.xml:86:17-76
215-->[androidx.work:work-runtime:2.7.0] AndroidManifest.xml:86:25-73
216            </intent-filter>
217        </receiver>
218        <receiver
218-->[androidx.work:work-runtime:2.7.0] AndroidManifest.xml:89:9-99:20
219            android:name="androidx.work.impl.background.systemalarm.ConstraintProxy$StorageNotLowProxy"
219-->[androidx.work:work-runtime:2.7.0] AndroidManifest.xml:90:13-104
220            android:directBootAware="false"
220-->[androidx.work:work-runtime:2.7.0] AndroidManifest.xml:91:13-44
221            android:enabled="false"
221-->[androidx.work:work-runtime:2.7.0] AndroidManifest.xml:92:13-36
222            android:exported="false" >
222-->[androidx.work:work-runtime:2.7.0] AndroidManifest.xml:93:13-37
223            <intent-filter>
223-->[androidx.work:work-runtime:2.7.0] AndroidManifest.xml:95:13-98:29
224                <action android:name="android.intent.action.DEVICE_STORAGE_LOW" />
224-->[androidx.work:work-runtime:2.7.0] AndroidManifest.xml:96:17-83
224-->[androidx.work:work-runtime:2.7.0] AndroidManifest.xml:96:25-80
225                <action android:name="android.intent.action.DEVICE_STORAGE_OK" />
225-->[androidx.work:work-runtime:2.7.0] AndroidManifest.xml:97:17-82
225-->[androidx.work:work-runtime:2.7.0] AndroidManifest.xml:97:25-79
226            </intent-filter>
227        </receiver>
228        <receiver
228-->[androidx.work:work-runtime:2.7.0] AndroidManifest.xml:100:9-109:20
229            android:name="androidx.work.impl.background.systemalarm.ConstraintProxy$NetworkStateProxy"
229-->[androidx.work:work-runtime:2.7.0] AndroidManifest.xml:101:13-103
230            android:directBootAware="false"
230-->[androidx.work:work-runtime:2.7.0] AndroidManifest.xml:102:13-44
231            android:enabled="false"
231-->[androidx.work:work-runtime:2.7.0] AndroidManifest.xml:103:13-36
232            android:exported="false" >
232-->[androidx.work:work-runtime:2.7.0] AndroidManifest.xml:104:13-37
233            <intent-filter>
233-->[androidx.work:work-runtime:2.7.0] AndroidManifest.xml:106:13-108:29
234                <action android:name="android.net.conn.CONNECTIVITY_CHANGE" />
234-->[androidx.work:work-runtime:2.7.0] AndroidManifest.xml:107:17-79
234-->[androidx.work:work-runtime:2.7.0] AndroidManifest.xml:107:25-76
235            </intent-filter>
236        </receiver>
237        <receiver
237-->[androidx.work:work-runtime:2.7.0] AndroidManifest.xml:110:9-121:20
238            android:name="androidx.work.impl.background.systemalarm.RescheduleReceiver"
238-->[androidx.work:work-runtime:2.7.0] AndroidManifest.xml:111:13-88
239            android:directBootAware="false"
239-->[androidx.work:work-runtime:2.7.0] AndroidManifest.xml:112:13-44
240            android:enabled="false"
240-->[androidx.work:work-runtime:2.7.0] AndroidManifest.xml:113:13-36
241            android:exported="false" >
241-->[androidx.work:work-runtime:2.7.0] AndroidManifest.xml:114:13-37
242            <intent-filter>
242-->[androidx.work:work-runtime:2.7.0] AndroidManifest.xml:116:13-120:29
243                <action android:name="android.intent.action.BOOT_COMPLETED" />
243-->[androidx.work:work-runtime:2.7.0] AndroidManifest.xml:117:17-79
243-->[androidx.work:work-runtime:2.7.0] AndroidManifest.xml:117:25-76
244                <action android:name="android.intent.action.TIME_SET" />
244-->[androidx.work:work-runtime:2.7.0] AndroidManifest.xml:118:17-73
244-->[androidx.work:work-runtime:2.7.0] AndroidManifest.xml:118:25-70
245                <action android:name="android.intent.action.TIMEZONE_CHANGED" />
245-->[androidx.work:work-runtime:2.7.0] AndroidManifest.xml:119:17-81
245-->[androidx.work:work-runtime:2.7.0] AndroidManifest.xml:119:25-78
246            </intent-filter>
247        </receiver>
248        <receiver
248-->[androidx.work:work-runtime:2.7.0] AndroidManifest.xml:122:9-131:20
249            android:name="androidx.work.impl.background.systemalarm.ConstraintProxyUpdateReceiver"
249-->[androidx.work:work-runtime:2.7.0] AndroidManifest.xml:123:13-99
250            android:directBootAware="false"
250-->[androidx.work:work-runtime:2.7.0] AndroidManifest.xml:124:13-44
251            android:enabled="@bool/enable_system_alarm_service_default"
251-->[androidx.work:work-runtime:2.7.0] AndroidManifest.xml:125:13-72
252            android:exported="false" >
252-->[androidx.work:work-runtime:2.7.0] AndroidManifest.xml:126:13-37
253            <intent-filter>
253-->[androidx.work:work-runtime:2.7.0] AndroidManifest.xml:128:13-130:29
254                <action android:name="androidx.work.impl.background.systemalarm.UpdateProxies" />
254-->[androidx.work:work-runtime:2.7.0] AndroidManifest.xml:129:17-98
254-->[androidx.work:work-runtime:2.7.0] AndroidManifest.xml:129:25-95
255            </intent-filter>
256        </receiver>
257        <receiver
257-->[androidx.work:work-runtime:2.7.0] AndroidManifest.xml:132:9-142:20
258            android:name="androidx.work.impl.diagnostics.DiagnosticsReceiver"
258-->[androidx.work:work-runtime:2.7.0] AndroidManifest.xml:133:13-78
259            android:directBootAware="false"
259-->[androidx.work:work-runtime:2.7.0] AndroidManifest.xml:134:13-44
260            android:enabled="true"
260-->[androidx.work:work-runtime:2.7.0] AndroidManifest.xml:135:13-35
261            android:exported="true"
261-->[androidx.work:work-runtime:2.7.0] AndroidManifest.xml:136:13-36
262            android:permission="android.permission.DUMP" >
262-->[androidx.work:work-runtime:2.7.0] AndroidManifest.xml:137:13-57
263            <intent-filter>
263-->[androidx.work:work-runtime:2.7.0] AndroidManifest.xml:139:13-141:29
264                <action android:name="androidx.work.diagnostics.REQUEST_DIAGNOSTICS" />
264-->[androidx.work:work-runtime:2.7.0] AndroidManifest.xml:140:17-88
264-->[androidx.work:work-runtime:2.7.0] AndroidManifest.xml:140:25-85
265            </intent-filter>
266        </receiver>
267
268        <uses-library
268-->[androidx.privacysandbox.ads:ads-adservices:1.0.0-beta05] AndroidManifest.xml:23:9-25:40
269            android:name="android.ext.adservices"